<?xml version="1.0" encoding="UTF-8"?>
<testsuite xmlns:xsi="http://www.w3.org/2001/XMLSchema-instance" xsi:noNamespaceSchemaLocation="https://maven.apache.org/surefire/maven-surefire-plugin/xsd/surefire-test-report.xsd" name="com.rishi.unimanagement.repo.StudentRepositoryTest" time="20.034" tests="6" errors="0" skipped="0" failures="0">
  <properties>
[...]
</properties>
  <testcase name="testUpdateStudent" classname="com.rishi.unimanagement.repo.StudentRepositoryTest" time="3.193"/>
  <testcase name="testAddStudent" classname="com.rishi.unimanagement.repo.StudentRepositoryTest" time="3.3"/>
  <testcase name="testDeleteStudent" classname="com.rishi.unimanagement.repo.StudentRepositoryTest" time="3.298"/>
  <testcase name="testGetAllStudents" classname="com.rishi.unimanagement.repo.StudentRepositoryTest" time="3.054"/>
  <testcase name="testGetAllGrades" classname="com.rishi.unimanagement.repo.StudentRepositoryTest" time="3.314"/>
  <testcase name="testGetStudentByName" classname="com.rishi.unimanagement.repo.StudentRepositoryTest" time="3.872"/>
</testsuite>